build/app/outputs/logs/manifest-merger-debug-report.txt
-- Merging decision tree log ---
manifest
ADDED from src/main/AndroidManifest.xml:1:1-35:12
INJECTED from src/main/AndroidManifest.xml:1:1-35:12
INJECTED from src/main/AndroidManifest.xml:1:1-35:12
INJECTED from src/main/AndroidManifest.xml:1:1-35:12
MERGED from src/main/AndroidManifest.xml:1:1-35:12
MERGED from [:google_maps_flutter] AndroidManifest.xml:2:1-7:12
MERGED from [com.google.android.gms:play-services-maps:16.1.0] AndroidManifest.xml:17:1-38:12
MERGED from [com.google.android.gms:play-services-base:16.0.1] AndroidManifest.xml:17:1-29:12
MERGED from [com.google.android.gms:play-services-tasks:16.0.1] AndroidManifest.xml:2:1-9:12
MERGED from [com.google.android.gms:play-services-basement:16.0.1] AndroidManifest.xml:17:1-28:12
MERGED from [com.android.support:support-v4:26.1.0] AndroidManifest.xml:17:1-31:12
MERGED from [com.android.support:support-media-compat:26.1.0] AndroidManifest.xml:17:1-31:12
MERGED from [com.android.support:support-fragment:26.1.0] AndroidManifest.xml:17:1-31:12
MERGED from [com.android.support:support-core-utils:26.1.0] AndroidManifest.xml:17:1-31:12
MERGED from [com.android.support:support-core-ui:26.1.0] AndroidManifest.xml:17:1-31:12
MERGED from [com.android.support:support-compat:26.1.0] AndroidManifest.xml:17:1-31:12
MERGED from [android.arch.lifecycle:runtime:1.0.0] AndroidManifest.xml:17:1-30:12
INJECTED from src/debug/AndroidManifest.xml:1:1-7:12
INJECTED from src/debug/AndroidManifest.xml:1:1-7:12
INJECTED from src/debug/AndroidManifest.xml:1:1-7:12
	package
		ADDED from src/main/AndroidManifest.xml:2:5-38
		INJECTED from src/main/AndroidManifest.xml
		INJECTED from src/debug/AndroidManifest.xml
	android:versionName
		INJECTED from src/main/AndroidManifest.xml
		ADDED from src/main/AndroidManifest.xml:1:1-35:12
		INJECTED from src/debug/AndroidManifest.xml
	android:versionCode
		INJECTED from src/main/AndroidManifest.xml
		ADDED from src/main/AndroidManifest.xml:1:1-35:12
		INJECTED from src/debug/AndroidManifest.xml
	xmlns:android
		ADDED from src/main/AndroidManifest.xml:1:11-69
application
ADDED from src/main/AndroidManifest.xml:9:5-34:19
MERGED from [com.google.android.gms:play-services-maps:16.1.0] AndroidManifest.xml:30:5-36:19
MERGED from [com.google.android.gms:play-services-maps:16.1.0] AndroidManifest.xml:30:5-36:19
MERGED from [com.google.android.gms:play-services-base:16.0.1] AndroidManifest.xml:22:5-27:19
MERGED from [com.google.android.gms:play-services-base:16.0.1] AndroidManifest.xml:22:5-27:19
MERGED from [com.google.android.gms:play-services-tasks:16.0.1] AndroidManifest.xml:7:5-20
MERGED from [com.google.android.gms:play-services-tasks:16.0.1] AndroidManifest.xml:7:5-20
MERGED from [com.google.android.gms:play-services-basement:16.0.1] AndroidManifest.xml:22:5-26:19
MERGED from [com.google.android.gms:play-services-basement:16.0.1] AndroidManifest.xml:22:5-26:19
MERGED from [com.android.support:support-v4:26.1.0] AndroidManifest.xml:25:5-29:19
MERGED from [com.android.support:support-v4:26.1.0] AndroidManifest.xml:25:5-29:19
MERGED from [com.android.support:support-media-compat:26.1.0] AndroidManifest.xml:25:5-29:19
MERGED from [com.android.support:support-media-compat:26.1.0] AndroidManifest.xml:25:5-29:19
MERGED from [com.android.support:support-fragment:26.1.0] AndroidManifest.xml:25:5-29:19
MERGED from [com.android.support:support-fragment:26.1.0] AndroidManifest.xml:25:5-29:19
MERGED from [com.android.support:support-core-utils:26.1.0] AndroidManifest.xml:25:5-29:19
MERGED from [com.android.support:support-core-utils:26.1.0] AndroidManifest.xml:25:5-29:19
MERGED from [com.android.support:support-core-ui:26.1.0] AndroidManifest.xml:25:5-29:19
MERGED from [com.android.support:support-core-ui:26.1.0] AndroidManifest.xml:25:5-29:19
MERGED from [com.android.support:support-compat:26.1.0] AndroidManifest.xml:25:5-29:19
MERGED from [com.android.support:support-compat:26.1.0] AndroidManifest.xml:25:5-29:19
MERGED from [android.arch.lifecycle:runtime:1.0.0] AndroidManifest.xml:24:5-28:19
MERGED from [android.arch.lifecycle:runtime:1.0.0] AndroidManifest.xml:24:5-28:19
	android:label
		ADDED from src/main/AndroidManifest.xml:11:9-36
	android:icon
		ADDED from src/main/AndroidManifest.xml:12:9-43
	android:name
		ADDED from src/main/AndroidManifest.xml:10:9-57
meta-data#com.google.android.geo.API_KEY
ADDED from src/main/AndroidManifest.xml:13:9-14:73
	android:value
		ADDED from src/main/AndroidManifest.xml:14:16-71
	android:name
		ADDED from src/main/AndroidManifest.xml:13:20-65
activity#com.example.cars_market.MainActivity
ADDED from src/main/AndroidManifest.xml:15:9-33:20
	android:launchMode
		ADDED from src/main/AndroidManifest.xml:17:13-43
	android:hardwareAccelerated
		ADDED from src/main/AndroidManifest.xml:20:13-47
	android:windowSoftInputMode
		ADDED from src/main/AndroidManifest.xml:21:13-55
	android:configChanges
		ADDED from src/main/AndroidManifest.xml:19:13-144
	android:theme
		ADDED from src/main/AndroidManifest.xml:18:13-47
	android:name
		ADDED from src/main/AndroidManifest.xml:16:13-41
meta-data#io.flutter.app.android.SplashScreenUntilFirstFrame
ADDED from src/main/AndroidManifest.xml:26:13-28:40
	android:value
		ADDED from src/main/AndroidManifest.xml:28:17-37
	android:name
		ADDED from src/main/AndroidManifest.xml:27:17-82
intent-filter#action:name:android.intent.action.MAIN+category:name:android.intent.category.LAUNCHER
ADDED from src/main/AndroidManifest.xml:29:13-32:29
action#android.intent.action.MAIN
ADDED from src/main/AndroidManifest.xml:30:17-68
	android:name
		ADDED from src/main/AndroidManifest.xml:30:25-66
category#android.intent.category.LAUNCHER
ADDED from src/main/AndroidManifest.xml:31:17-76
	android:name
		ADDED from src/main/AndroidManifest.xml:31:27-74
uses-sdk
INJECTED from src/main/AndroidManifest.xml reason: use-sdk injection requested
INJECTED from src/main/AndroidManifest.xml
INJECTED from src/main/AndroidManifest.xml
MERGED from [:google_maps_flutter] AndroidManifest.xml:5:5-44
MERGED from [:google_maps_flutter] AndroidManifest.xml:5:5-44
MERGED from [com.google.android.gms:play-services-maps:16.1.0] AndroidManifest.xml:20:5-44
MERGED from [com.google.android.gms:play-services-maps:16.1.0] AndroidManifest.xml:20:5-44
MERGED from [com.google.android.gms:play-services-base:16.0.1] AndroidManifest.xml:20:5-44
MERGED from [com.google.android.gms:play-services-base:16.0.1] AndroidManifest.xml:20:5-44
MERGED from [com.google.android.gms:play-services-tasks:16.0.1] AndroidManifest.xml:5:5-44
MERGED from [com.google.android.gms:play-services-tasks:16.0.1] AndroidManifest.xml:5:5-44
MERGED from [com.google.android.gms:play-services-basement:16.0.1] AndroidManifest.xml:20:5-44
MERGED from [com.google.android.gms:play-services-basement:16.0.1] AndroidManifest.xml:20:5-44
MERGED from [com.android.support:support-v4:26.1.0] AndroidManifest.xml:21:5-23:54
MERGED from [com.android.support:support-v4:26.1.0] AndroidManifest.xml:21:5-23:54
MERGED from [com.android.support:support-media-compat:26.1.0] AndroidManifest.xml:21:5-23:63
MERGED from [com.android.support:support-media-compat:26.1.0] AndroidManifest.xml:21:5-23:63
MERGED from [com.android.support:support-fragment:26.1.0] AndroidManifest.xml:21:5-23:60
MERGED from [com.android.support:support-fragment:26.1.0] AndroidManifest.xml:21:5-23:60
MERGED from [com.android.support:support-core-utils:26.1.0] AndroidManifest.xml:21:5-23:61
MERGED from [com.android.support:support-core-utils:26.1.0] AndroidManifest.xml:21:5-23:61
MERGED from [com.android.support:support-core-ui:26.1.0] AndroidManifest.xml:21:5-23:58
MERGED from [com.android.support:support-core-ui:26.1.0] AndroidManifest.xml:21:5-23:58
MERGED from [com.android.support:support-compat:26.1.0] AndroidManifest.xml:21:5-23:58
MERGED from [com.android.support:support-compat:26.1.0] AndroidManifest.xml:21:5-23:58
MERGED from [android.arch.lifecycle:runtime:1.0.0] AndroidManifest.xml:20:5-22:41
MERGED from [android.arch.lifecycle:runtime:1.0.0] AndroidManifest.xml:20:5-22:41
INJECTED from src/debug/AndroidManifest.xml
INJECTED from src/debug/AndroidManifest.xml
	tools:overrideLibrary
		ADDED from [com.android.support:support-v4:26.1.0] AndroidManifest.xml:23:9-51
	android:targetSdkVersion
		INJECTED from src/main/AndroidManifest.xml
		INJECTED from src/debug/AndroidManifest.xml
	android:minSdkVersion
		INJECTED from src/main/AndroidManifest.xml
		INJECTED from src/debug/AndroidManifest.xml
uses-permission#android.permission.INTERNET
ADDED from src/debug/AndroidManifest.xml:6:5-66
MERGED from [com.google.android.gms:play-services-maps:16.1.0] AndroidManifest.xml:24:5-67
MERGED from [com.google.android.gms:play-services-maps:16.1.0] AndroidManifest.xml:24:5-67
	android:name
		ADDED from src/debug/AndroidManifest.xml:6:22-64
uses-permission#android.permission.ACCESS_NETWORK_STATE
ADDED from [com.google.android.gms:play-services-maps:16.1.0] AndroidManifest.xml:23:5-79
	android:name
		ADDED from [com.google.android.gms:play-services-maps:16.1.0] AndroidManifest.xml:23:22-76
uses-feature#0x00020000
ADDED from [com.google.android.gms:play-services-maps:16.1.0] AndroidManifest.xml:26:5-28:35
	android:glEsVersion
		ADDED from [com.google.android.gms:play-services-maps:16.1.0] AndroidManifest.xml:27:9-41
	android:required
		ADDED from [com.google.android.gms:play-services-maps:16.1.0] AndroidManifest.xml:28:9-32
uses-library#org.apache.http.legacy
ADDED from [com.google.android.gms:play-services-maps:16.1.0] AndroidManifest.xml:33:9-35:40
	android:required
		ADDED from [com.google.android.gms:play-services-maps:16.1.0] AndroidManifest.xml:35:13-37
	android:name
		ADDED from [com.google.android.gms:play-services-maps:16.1.0] AndroidManifest.xml:34:13-50
activity#com.google.android.gms.common.api.GoogleApiActivity
ADDED from [com.google.android.gms:play-services-base:16.0.1] AndroidManifest.xml:23:9-26:75
	android:exported
		ADDED from [com.google.android.gms:play-services-base:16.0.1] AndroidManifest.xml:25:13-37
	android:theme
		ADDED from [com.google.android.gms:play-services-base:16.0.1] AndroidManifest.xml:26:13-72
	android:name
		ADDED from [com.google.android.gms:play-services-base:16.0.1] AndroidManifest.xml:24:13-79
meta-data#com.google.android.gms.version
ADDED from [com.google.android.gms:play-services-basement:16.0.1] AndroidManifest.xml:23:9-25:69
	android:value
		ADDED from [com.google.android.gms:play-services-basement:16.0.1] AndroidManifest.xml:25:13-66
	android:name
		ADDED from [com.google.android.gms:play-services-basement:16.0.1] AndroidManifest.xml:24:13-58
meta-data#android.support.VERSION
ADDED from [com.android.support:support-v4:26.1.0] AndroidManifest.xml:26:9-28:38
MERGED from [com.android.support:support-media-compat:26.1.0] AndroidManifest.xml:26:9-28:38
MERGED from [com.android.support:support-media-compat:26.1.0] AndroidManifest.xml:26:9-28:38
MERGED from [com.android.support:support-fragment:26.1.0] AndroidManifest.xml:26:9-28:38
MERGED from [com.android.support:support-fragment:26.1.0] AndroidManifest.xml:26:9-28:38
MERGED from [com.android.support:support-core-utils:26.1.0] AndroidManifest.xml:26:9-28:38
MERGED from [com.android.support:support-core-utils:26.1.0] AndroidManifest.xml:26:9-28:38
MERGED from [com.android.support:support-core-ui:26.1.0] AndroidManifest.xml:26:9-28:38
MERGED from [com.android.support:support-core-ui:26.1.0] AndroidManifest.xml:26:9-28:38
MERGED from [com.android.support:support-compat:26.1.0] AndroidManifest.xml:26:9-28:38
MERGED from [com.android.support:support-compat:26.1.0] AndroidManifest.xml:26:9-28:38
	android:value
		ADDED from [com.android.support:support-v4:26.1.0] AndroidManifest.xml:28:13-35
	android:name
		ADDED from [com.android.support:support-v4:26.1.0] AndroidManifest.xml:27:13-51
meta-data#android.arch.lifecycle.VERSION
ADDED from [android.arch.lifecycle:runtime:1.0.0] AndroidManifest.xml:25:9-27:47
	android:value
		ADDED from [android.arch.lifecycle:runtime:1.0.0] AndroidManifest.xml:27:13-44
	android:name
		ADDED from [android.arch.lifecycle:runtime:1.0.0] AndroidManifest.xml:26:13-58